TagLib: Could not open file /home/giffoni/music/11 capsule - Music Controller.flac
TagLib: Could not open file /home/giffoni/music/07 - What You See.flac
TagLib: Could not open file /home/giffoni/music/03 Wax The Nip.flac
TagLib: Could not open file /home/giffoni/music/03 - Furries.flac
TagLib: Could not open file /home/giffoni/music/01 - Little Girls.flac
TagLib: Could not open file /home/giffoni/music/06 - Sweat.flac
TagLib: Could not open file /home/giffoni/music/06 - Sweat.flac
TagLib: Could not open file /home/giffoni/music/07. Boards of Canada - Turquoise Hexagon Sun.flac
TagLib: Could not open file /home/giffoni/music/02 - Insects.flac
TagLib: Could not open file /home/giffoni/music/Aphex Twin_Come to Daddy_06_Funny Little Man.flac
TagLib: Could not open file /home/giffoni/music/14 I_ve Got Some Falling To Do.flac
TagLib: Could not open file /home/giffoni/music/13 Between You And Me.flac
TagLib: Could not open file /home/giffoni/music/03 - Furries.flac
TagLib: Could not open file /home/giffoni/music/09. Boards of Canada - Bocuma.flac
TagLib: Could not open file /home/giffoni/music/01 Eggs.flac
TagLib: Could not open file /home/giffoni/music/03 Soutaiseiriron - YOU & IDOL.flac
TagLib: Could not open file /home/giffoni/music/10 Soutaiseiriron - Tama Tama Newtown.flac
TagLib: Could not open file /home/giffoni/music/12 - DRAGONLADY.flac
TagLib: Could not open file /home/giffoni/music/12 - koronba - demo_c.flac
TagLib: Could not open file /home/giffoni/music/05 Your Evil Shadow Has A Cup Of Tea.flac
TagLib: Could not open file /home/giffoni/music/08 Two Birds.flac
TagLib: Could not open file /home/giffoni/music/09 - Imposter.flac
TagLib: Could not open file /home/giffoni/music/Aphex Twin_drukQs_01-08_Cock+Ver10.flac
TagLib: Could not open file /home/giffoni/music/Aphex Twin_drukQs_01-09_Avril 14th.flac
TagLib: Could not open file /home/giffoni/music/Aphex Twin_drukQs_01-05_Strotha Tynhe.flac
TagLib: Could not open file /home/giffoni/music/Aphex Twin_drukQs_01-09_Avril 14th.flac
TagLib: Could not open file /home/giffoni/music/Aphex Twin_drukQs_01-09_Avril 14th.flac
TagLib: Could not open file /home/giffoni/music/Aphex Twin_drukQs_01-09_Avril 14th.flac
TagLib: Could not open file /home/giffoni/music/Aphex Twin_drukQs_01-05_Strotha Tynhe.flac
TagLib: Could not open file /home/giffoni/music/02 Sunbeam Light Show Flower Seed.flac
TagLib: Could not open file /home/giffoni/music/12 - DRAGONLADY.flac
TagLib: Could not open file /home/giffoni/music/Lemon Demon - Dinosaurchestra [Needlejuice Records Remaster]/07 Vow of Silence.flac
TagLib: Could not open file /home/giffoni/music/u70_126a - Judy Collins - Both Sides Now [3.15 stereo CD].flac
TagLib: Could not open file /home/giffoni/music/Lemon Demon - Damn Skippy [Needlejuice Records Remaster]/Lemon Demon - Damn Skippy - 08 Kitten is Angry.flac
TagLib: Could not open file /home/giffoni/music/Lemon Demon - Dinosaurchestra [Needlejuice Records Remaster]/26 The Next Dimension.flac
TagLib: Could not open file /home/giffoni/music/(2003) - Clown Circus/01 - Error.mp3
TagLib: Could not open file /home/giffoni/music/Lemon Demon - Damn Skippy [Needlejuice Records Remaster]/Lemon Demon - Damn Skippy - 08 Kitten is Angry.flac
TagLib: Could not open file /home/giffoni/music/Aphex Twin/Selected Ambient Works 85–92/12 Delphium.flac
TagLib: Could not open file /home/giffoni/music/Kensuke Ushio/Ping Pong (Original Soundtrack)/23 The Melancholy of Dragon.flac
TagLib: Could not open file /home/giffoni/music/Aphex Twin/…I Care Because You Do/Aphex Twin_…I Care Because You Do_01_Acrid Avid Jam Shred.flac
TagLib: Could not open file /home/giffoni/music/Aphex Twin/…I Care Because You Do/Aphex Twin_…I Care Because You Do_04_Icct Hedral (edit).flac
TagLib: Could not open file /home/giffoni/music/Slagsmålsklubben/Boss For Leader/03 - Speedboats.flac
